2022-07-02 23:06:12,905 INFO    MainThread:37841 [internal.py:wandb_internal():90] W&B internal server running at pid: 37841, started at: 2022-07-02 23:06:12.904625
2022-07-02 23:06:12,907 INFO    WriterThread:37841 [datastore.py:open_for_write():75] open: /home/solrak/Documents/clasificador_de_sentimientos/Prototypes/Sentan-I/wandb/run-20220702_230611-17fh9w6v/run-17fh9w6v.wandb
2022-07-02 23:06:12,910 DEBUG   SenderThread:37841 [sender.py:send():235] send: header
2022-07-02 23:06:12,910 DEBUG   SenderThread:37841 [sender.py:send():235] send: run
2022-07-02 23:06:13,279 DEBUG   HandlerThread:37841 [handler.py:handle_request():141] handle_request: check_version
2022-07-02 23:06:13,286 INFO    SenderThread:37841 [dir_watcher.py:__init__():205] watching files in: /home/solrak/Documents/clasificador_de_sentimientos/Prototypes/Sentan-I/wandb/run-20220702_230611-17fh9w6v/files
2022-07-02 23:06:13,286 INFO    SenderThread:37841 [sender.py:_start_run_threads():812] run started: 17fh9w6v with start time 1656824771
2022-07-02 23:06:13,287 DEBUG   SenderThread:37841 [sender.py:send():235] send: summary
2022-07-02 23:06:13,287 INFO    SenderThread:37841 [sender.py:_save_file():949] saving file wandb-summary.json with policy end
2022-07-02 23:06:13,288 DEBUG   SenderThread:37841 [sender.py:send_request():249] send_request: check_version
2022-07-02 23:06:13,602 DEBUG   HandlerThread:37841 [handler.py:handle_request():141] handle_request: run_start
2022-07-02 23:06:13,603 DEBUG   HandlerThread:37841 [meta.py:__init__():35] meta init
2022-07-02 23:06:13,603 DEBUG   HandlerThread:37841 [meta.py:__init__():49] meta init done
2022-07-02 23:06:13,603 DEBUG   HandlerThread:37841 [meta.py:probe():209] probe
2022-07-02 23:06:13,606 DEBUG   HandlerThread:37841 [meta.py:_setup_git():199] setup git
2022-07-02 23:06:13,621 DEBUG   HandlerThread:37841 [meta.py:_setup_git():206] setup git done
2022-07-02 23:06:13,621 DEBUG   HandlerThread:37841 [meta.py:_save_pip():53] save pip
2022-07-02 23:06:13,622 DEBUG   HandlerThread:37841 [meta.py:_save_pip():67] save pip done
2022-07-02 23:06:13,622 DEBUG   HandlerThread:37841 [meta.py:probe():247] probe done
2022-07-02 23:06:13,628 DEBUG   SenderThread:37841 [sender.py:send():235] send: files
2022-07-02 23:06:13,628 INFO    SenderThread:37841 [sender.py:_save_file():949] saving file wandb-metadata.json with policy now
2022-07-02 23:06:13,644 DEBUG   HandlerThread:37841 [handler.py:handle_request():141] handle_request: stop_status
2022-07-02 23:06:13,645 DEBUG   SenderThread:37841 [sender.py:send_request():249] send_request: stop_status
2022-07-02 23:06:13,981 DEBUG   SenderThread:37841 [sender.py:send():235] send: telemetry
2022-07-02 23:06:14,293 INFO    Thread-7  :37841 [dir_watcher.py:_on_file_created():256] file/dir created: /home/solrak/Documents/clasificador_de_sentimientos/Prototypes/Sentan-I/wandb/run-20220702_230611-17fh9w6v/files/requirements.txt
2022-07-02 23:06:14,293 INFO    Thread-7  :37841 [dir_watcher.py:_on_file_created():256] file/dir created: /home/solrak/Documents/clasificador_de_sentimientos/Prototypes/Sentan-I/wandb/run-20220702_230611-17fh9w6v/files/wandb-summary.json
2022-07-02 23:06:14,294 INFO    Thread-7  :37841 [dir_watcher.py:_on_file_created():256] file/dir created: /home/solrak/Documents/clasificador_de_sentimientos/Prototypes/Sentan-I/wandb/run-20220702_230611-17fh9w6v/files/output.log
2022-07-02 23:06:14,295 INFO    Thread-7  :37841 [dir_watcher.py:_on_file_created():256] file/dir created: /home/solrak/Documents/clasificador_de_sentimientos/Prototypes/Sentan-I/wandb/run-20220702_230611-17fh9w6v/files/wandb-metadata.json
2022-07-02 23:06:14,465 INFO    Thread-11 :37841 [upload_job.py:push():132] Uploaded file /tmp/tmphhz7j_i8wandb/49hc9a25-wandb-metadata.json
2022-07-02 23:06:28,984 DEBUG   HandlerThread:37841 [handler.py:handle_request():141] handle_request: stop_status
2022-07-02 23:06:28,984 DEBUG   SenderThread:37841 [sender.py:send_request():249] send_request: stop_status
2022-07-02 23:06:41,672 DEBUG   SenderThread:37841 [sender.py:send():235] send: stats
2022-07-02 23:06:44,270 DEBUG   HandlerThread:37841 [handler.py:handle_request():141] handle_request: stop_status
2022-07-02 23:06:44,271 DEBUG   SenderThread:37841 [sender.py:send_request():249] send_request: stop_status
2022-07-02 23:06:44,301 INFO    Thread-7  :37841 [dir_watcher.py:_on_file_modified():269] file/dir modified: /home/solrak/Documents/clasificador_de_sentimientos/Prototypes/Sentan-I/wandb/run-20220702_230611-17fh9w6v/files/config.yaml
2022-07-02 23:06:59,600 DEBUG   HandlerThread:37841 [handler.py:handle_request():141] handle_request: stop_status
2022-07-02 23:06:59,600 DEBUG   SenderThread:37841 [sender.py:send_request():249] send_request: stop_status
2022-07-02 23:07:01,999 DEBUG   SenderThread:37841 [sender.py:send():235] send: telemetry
2022-07-02 23:07:02,004 DEBUG   SenderThread:37841 [sender.py:send():235] send: telemetry
2022-07-02 23:07:02,207 DEBUG   SenderThread:37841 [sender.py:send():235] send: exit
2022-07-02 23:07:02,208 INFO    SenderThread:37841 [sender.py:send_exit():371] handling exit code: 0
2022-07-02 23:07:02,208 INFO    SenderThread:37841 [sender.py:send_exit():373] handling runtime: 48
2022-07-02 23:07:02,211 DEBUG   HandlerThread:37841 [handler.py:handle_request():141] handle_request: poll_exit
2022-07-02 23:07:02,212 INFO    SenderThread:37841 [sender.py:_save_file():949] saving file wandb-summary.json with policy end
2022-07-02 23:07:02,212 INFO    SenderThread:37841 [sender.py:send_exit():379] send defer
2022-07-02 23:07:02,213 DEBUG   SenderThread:37841 [sender.py:send_request():249] send_request: poll_exit
2022-07-02 23:07:02,213 DEBUG   HandlerThread:37841 [handler.py:handle_request():141] handle_request: defer
2022-07-02 23:07:02,214 INFO    HandlerThread:37841 [handler.py:handle_request_defer():164] handle defer: 0
2022-07-02 23:07:02,214 DEBUG   SenderThread:37841 [sender.py:send_request():249] send_request: defer
2022-07-02 23:07:02,214 INFO    SenderThread:37841 [sender.py:send_request_defer():388] handle sender defer: 0
2022-07-02 23:07:02,214 INFO    SenderThread:37841 [sender.py:transition_state():392] send defer: 1
2022-07-02 23:07:02,215 DEBUG   HandlerThread:37841 [handler.py:handle_request():141] handle_request: defer
2022-07-02 23:07:02,215 INFO    HandlerThread:37841 [handler.py:handle_request_defer():164] handle defer: 1
2022-07-02 23:07:02,225 DEBUG   SenderThread:37841 [sender.py:send_request():249] send_request: defer
2022-07-02 23:07:02,225 INFO    SenderThread:37841 [sender.py:send_request_defer():388] handle sender defer: 1
2022-07-02 23:07:02,226 INFO    SenderThread:37841 [sender.py:transition_state():392] send defer: 2
2022-07-02 23:07:02,226 DEBUG   SenderThread:37841 [sender.py:send():235] send: stats
2022-07-02 23:07:02,227 DEBUG   HandlerThread:37841 [handler.py:handle_request():141] handle_request: defer
2022-07-02 23:07:02,227 INFO    HandlerThread:37841 [handler.py:handle_request_defer():164] handle defer: 2
2022-07-02 23:07:02,227 DEBUG   SenderThread:37841 [sender.py:send_request():249] send_request: defer
2022-07-02 23:07:02,227 INFO    SenderThread:37841 [sender.py:send_request_defer():388] handle sender defer: 2
2022-07-02 23:07:02,227 INFO    SenderThread:37841 [sender.py:transition_state():392] send defer: 3
2022-07-02 23:07:02,228 DEBUG   HandlerThread:37841 [handler.py:handle_request():141] handle_request: defer
2022-07-02 23:07:02,228 INFO    HandlerThread:37841 [handler.py:handle_request_defer():164] handle defer: 3
2022-07-02 23:07:02,228 DEBUG   SenderThread:37841 [sender.py:send_request():249] send_request: defer
2022-07-02 23:07:02,228 INFO    SenderThread:37841 [sender.py:send_request_defer():388] handle sender defer: 3
2022-07-02 23:07:02,228 INFO    SenderThread:37841 [sender.py:transition_state():392] send defer: 4
2022-07-02 23:07:02,229 DEBUG   HandlerThread:37841 [handler.py:handle_request():141] handle_request: defer
2022-07-02 23:07:02,229 INFO    HandlerThread:37841 [handler.py:handle_request_defer():164] handle defer: 4
2022-07-02 23:07:02,229 DEBUG   SenderThread:37841 [sender.py:send():235] send: summary
2022-07-02 23:07:02,230 INFO    SenderThread:37841 [sender.py:_save_file():949] saving file wandb-summary.json with policy end
2022-07-02 23:07:02,230 DEBUG   SenderThread:37841 [sender.py:send_request():249] send_request: defer
2022-07-02 23:07:02,231 INFO    SenderThread:37841 [sender.py:send_request_defer():388] handle sender defer: 4
2022-07-02 23:07:02,231 INFO    SenderThread:37841 [sender.py:transition_state():392] send defer: 5
2022-07-02 23:07:02,231 DEBUG   HandlerThread:37841 [handler.py:handle_request():141] handle_request: defer
2022-07-02 23:07:02,231 INFO    HandlerThread:37841 [handler.py:handle_request_defer():164] handle defer: 5
2022-07-02 23:07:02,232 DEBUG   SenderThread:37841 [sender.py:send_request():249] send_request: defer
2022-07-02 23:07:02,232 INFO    SenderThread:37841 [sender.py:send_request_defer():388] handle sender defer: 5
2022-07-02 23:07:02,308 INFO    Thread-7  :37841 [dir_watcher.py:_on_file_modified():269] file/dir modified: /home/solrak/Documents/clasificador_de_sentimientos/Prototypes/Sentan-I/wandb/run-20220702_230611-17fh9w6v/files/wandb-summary.json
2022-07-02 23:07:02,316 DEBUG   HandlerThread:37841 [handler.py:handle_request():141] handle_request: poll_exit
2022-07-02 23:07:02,569 ERROR   SenderThread:37841 [internal_api.py:execute():143] 409 response executing GraphQL.
2022-07-02 23:07:02,569 ERROR   SenderThread:37841 [internal_api.py:execute():144] {"errors":[{"message":"Error 1062: Duplicate entry '1097384-17fh9w6v' for key 'PRIMARY'","path":["upsertBucket"]}],"data":{"upsertBucket":null}}
2022-07-02 23:07:03,230 INFO    WriterThread:37841 [datastore.py:close():279] close: /home/solrak/Documents/clasificador_de_sentimientos/Prototypes/Sentan-I/wandb/run-20220702_230611-17fh9w6v/run-17fh9w6v.wandb
2022-07-02 23:07:03,317 INFO    HandlerThread:37841 [handler.py:finish():806] shutting down handler
2022-07-02 23:07:03,317 ERROR   MainThread:37841 [internal.py:wandb_internal():165] Thread SenderThread:
Traceback (most recent call last):
  File "/home/solrak/Documents/clasificador_de_sentimientos/Prototypes/proto_env/lib/python3.10/site-packages/wandb/apis/normalize.py", line 22, in wrapper
    return func(*args, **kwargs)
  File "/home/solrak/Documents/clasificador_de_sentimientos/Prototypes/proto_env/lib/python3.10/site-packages/wandb/sdk/internal/internal_api.py", line 1319, in upsert_run
    response = self.gql(mutation, variable_values=variable_values, **kwargs)
  File "/home/solrak/Documents/clasificador_de_sentimientos/Prototypes/proto_env/lib/python3.10/site-packages/wandb/sdk/lib/retry.py", line 108, in __call__
    result = self._call_fn(*args, **kwargs)
  File "/home/solrak/Documents/clasificador_de_sentimientos/Prototypes/proto_env/lib/python3.10/site-packages/wandb/sdk/internal/internal_api.py", line 140, in execute
    return self.client.execute(*args, **kwargs)
  File "/home/solrak/Documents/clasificador_de_sentimientos/Prototypes/proto_env/lib/python3.10/site-packages/wandb/vendor/gql-0.2.0/wandb_gql/client.py", line 52, in execute
    result = self._get_result(document, *args, **kwargs)
  File "/home/solrak/Documents/clasificador_de_sentimientos/Prototypes/proto_env/lib/python3.10/site-packages/wandb/vendor/gql-0.2.0/wandb_gql/client.py", line 60, in _get_result
    return self.transport.execute(document, *args, **kwargs)
  File "/home/solrak/Documents/clasificador_de_sentimientos/Prototypes/proto_env/lib/python3.10/site-packages/wandb/vendor/gql-0.2.0/wandb_gql/transport/requests.py", line 39, in execute
    request.raise_for_status()
  File "/home/solrak/Documents/clasificador_de_sentimientos/Prototypes/proto_env/lib/python3.10/site-packages/requests/models.py", line 1021, in raise_for_status
    raise HTTPError(http_error_msg, response=self)
requests.exceptions.HTTPError: 409 Client Error: Conflict for url: https://api.wandb.ai/graphql

During handling of the above exception, another exception occurred:

Traceback (most recent call last):
  File "/home/solrak/Documents/clasificador_de_sentimientos/Prototypes/proto_env/lib/python3.10/site-packages/wandb/sdk/internal/internal_util.py", line 51, in run
    self._run()
  File "/home/solrak/Documents/clasificador_de_sentimientos/Prototypes/proto_env/lib/python3.10/site-packages/wandb/sdk/internal/internal_util.py", line 102, in _run
    self._process(record)
  File "/home/solrak/Documents/clasificador_de_sentimientos/Prototypes/proto_env/lib/python3.10/site-packages/wandb/sdk/internal/internal.py", line 310, in _process
    self._sm.send(record)
  File "/home/solrak/Documents/clasificador_de_sentimientos/Prototypes/proto_env/lib/python3.10/site-packages/wandb/sdk/internal/sender.py", line 237, in send
    send_handler(record)
  File "/home/solrak/Documents/clasificador_de_sentimientos/Prototypes/proto_env/lib/python3.10/site-packages/wandb/sdk/internal/sender.py", line 251, in send_request
    send_handler(record)
  File "/home/solrak/Documents/clasificador_de_sentimientos/Prototypes/proto_env/lib/python3.10/site-packages/wandb/sdk/internal/sender.py", line 411, in send_request_defer
    self.debounce()
  File "/home/solrak/Documents/clasificador_de_sentimientos/Prototypes/proto_env/lib/python3.10/site-packages/wandb/sdk/internal/sender.py", line 320, in debounce
    self._debounce_config()
  File "/home/solrak/Documents/clasificador_de_sentimientos/Prototypes/proto_env/lib/python3.10/site-packages/wandb/sdk/internal/sender.py", line 326, in _debounce_config
    self._api.upsert_run(
  File "/home/solrak/Documents/clasificador_de_sentimientos/Prototypes/proto_env/lib/python3.10/site-packages/wandb/apis/normalize.py", line 24, in wrapper
    raise CommError(err.response, err)
wandb.errors.CommError: <Response [409]>
2022-07-02 23:07:05,337 INFO    MainThread:37841 [internal.py:handle_exit():80] Internal process exited
